Using pre-set license
Built from '2020.2/release' branch; Version is '2020.2.4f1 (becced5a802b) revision 12504301'; Using compiler version '192528614'; Build Type 'Release'
OS: 'Windows 10 Home; OS build 19041.928; Version 2004; 64bit' Language: 'en' Physical Memory: 8075 MB
BatchMode: 1, IsHumanControllingUs: 0, StartBugReporterOnCrash: 0, Is64bit: 1, IsPro: 0

 COMMAND LINE ARGUMENTS:
C:\Program Files\Unity\Hub\Editor\2020.2.4f1\Editor\Unity.exe
-adb2
-batchMode
-noUpm
-name
AssetImportWorker0
-projectPath
D:/One Drive/OneDrive - Universidade de Coimbra/Univerisdade/UNI-Meu/3º Ano/2º Semestre/FIA/PL/Projeto 2/FIA/Proj2/Proj2
-logFile
Logs/AssetImportWorker0.log
-srvPort
60562
Successfully changed project path to: D:/One Drive/OneDrive - Universidade de Coimbra/Univerisdade/UNI-Meu/3º Ano/2º Semestre/FIA/PL/Projeto 2/FIA/Proj2/Proj2
D:/One Drive/OneDrive - Universidade de Coimbra/Univerisdade/UNI-Meu/3º Ano/2º Semestre/FIA/PL/Projeto 2/FIA/Proj2/Proj2
Using Asset Import Pipeline V2.
Refreshing native plugins compatible for Editor in 26152.41 ms, found 0 plugins.
Preloading 0 native plugins for Editor in 0.00 ms.
Initialize engine version: 2020.2.4f1 (becced5a802b)
[Subsystems] Discovering subsystems at path C:/Program Files/Unity/Hub/Editor/2020.2.4f1/Editor/Data/Resources/UnitySubsystems
[Subsystems] Discovering subsystems at path D:/One Drive/OneDrive - Universidade de Coimbra/Univerisdade/UNI-Meu/3º Ano/2º Semestre/FIA/PL/Projeto 2/FIA/Proj2/Proj2/Assets
GfxDevice: creating device client; threaded=0
